<?xml version="1.0" encoding="UTF-8"?>
<testsuite xmlns:xsi="http://www.w3.org/2001/XMLSchema-instance" xsi:noNamespaceSchemaLocation="https://maven.apache.org/surefire/maven-surefire-plugin/xsd/surefire-test-report.xsd" name="praktikum.BunTests" time="0.034" tests="20" errors="0" skipped="0" failures="0">
  <properties>
[...]
</properties>
  <testcase name="testBunConstructor[White Bun: 100]" classname="praktikum.BunTests" time="0.001"/>
  <testcase name="testBunPriceGetter[White Bun: 100]" classname="praktikum.BunTests" time="0"/>
  <testcase name="testBunNameNotNull[White Bun: 100]" classname="praktikum.BunTests" time="0.001"/>
  <testcase name="testBunPricePositive[White Bun: 100]" classname="praktikum.BunTests" time="0"/>
  <testcase name="testBunNameGetter[White Bun: 100]" classname="praktikum.BunTests" time="0"/>
  <testcase name="testBunConstructor[Black Bun: 120,5]" classname="praktikum.BunTests" time="0"/>
  <testcase name="testBunPriceGetter[Black Bun: 120,5]" classname="praktikum.BunTests" time="0"/>
  <testcase name="testBunNameNotNull[Black Bun: 120,5]" classname="praktikum.BunTests" time="0"/>
  <testcase name="testBunPricePositive[Black Bun: 120,5]" classname="praktikum.BunTests" time="0"/>
  <testcase name="testBunNameGetter[Black Bun: 120,5]" classname="praktikum.BunTests" time="0"/>
  <testcase name="testBunConstructor[Sesame Bun: 110,25]" classname="praktikum.BunTests" time="0.001"/>
  <testcase name="testBunPriceGetter[Sesame Bun: 110,25]" classname="praktikum.BunTests" time="0"/>
  <testcase name="testBunNameNotNull[Sesame Bun: 110,25]" classname="praktikum.BunTests" time="0"/>
  <testcase name="testBunPricePositive[Sesame Bun: 110,25]" classname="praktikum.BunTests" time="0"/>
  <testcase name="testBunNameGetter[Sesame Bun: 110,25]" classname="praktikum.BunTests" time="0"/>
  <testcase name="testBunConstructor[Whole Wheat Bun: 130]" classname="praktikum.BunTests" time="0.001"/>
  <testcase name="testBunPriceGetter[Whole Wheat Bun: 130]" classname="praktikum.BunTests" time="0"/>
  <testcase name="testBunNameNotNull[Whole Wheat Bun: 130]" classname="praktikum.BunTests" time="0"/>
  <testcase name="testBunPricePositive[Whole Wheat Bun: 130]" classname="praktikum.BunTests" time="0"/>
  <testcase name="testBunNameGetter[Whole Wheat Bun: 130]" classname="praktikum.BunTests" time="0"/>
</testsuite>