<?xml version="1.0" encoding="UTF-8"?>
<testsuite xmlns:xsi="http://www.w3.org/2001/XMLSchema-instance" xsi:noNamespaceSchemaLocation="https://maven.apache.org/surefire/maven-surefire-plugin/xsd/surefire-test-report.xsd" name="praktikum.IngredientTest" time="0.001" tests="20" errors="0" skipped="0" failures="0">
  <properties>
[...]
</properties>
  <testcase name="testIngredientPriceGetter[SAUCE: Spicy Sauce - 100,5]" classname="praktikum.IngredientTest" time="0"/>
  <testcase name="testIngredientTypeGetter[SAUCE: Spicy Sauce - 100,5]" classname="praktikum.IngredientTest" time="0"/>
  <testcase name="testIngredientNameGetter[SAUCE: Spicy Sauce - 100,5]" classname="praktikum.IngredientTest" time="0"/>
  <testcase name="testIngredientConstructor[SAUCE: Spicy Sauce - 100,5]" classname="praktikum.IngredientTest" time="0"/>
  <testcase name="testIngredientPriceGetter[SAUCE: Mayo - 50]" classname="praktikum.IngredientTest" time="0"/>
  <testcase name="testIngredientTypeGetter[SAUCE: Mayo - 50]" classname="praktikum.IngredientTest" time="0.001"/>
  <testcase name="testIngredientNameGetter[SAUCE: Mayo - 50]" classname="praktikum.IngredientTest" time="0"/>
  <testcase name="testIngredientConstructor[SAUCE: Mayo - 50]" classname="praktikum.IngredientTest" time="0"/>
  <testcase name="testIngredientPriceGetter[FILLING: Beef - 200]" classname="praktikum.IngredientTest" time="0"/>
  <testcase name="testIngredientTypeGetter[FILLING: Beef - 200]" classname="praktikum.IngredientTest" time="0"/>
  <testcase name="testIngredientNameGetter[FILLING: Beef - 200]" classname="praktikum.IngredientTest" time="0"/>
  <testcase name="testIngredientConstructor[FILLING: Beef - 200]" classname="praktikum.IngredientTest" time="0"/>
  <testcase name="testIngredientPriceGetter[FILLING: Cheese - 150,5]" classname="praktikum.IngredientTest" time="0"/>
  <testcase name="testIngredientTypeGetter[FILLING: Cheese - 150,5]" classname="praktikum.IngredientTest" time="0"/>
  <testcase name="testIngredientNameGetter[FILLING: Cheese - 150,5]" classname="praktikum.IngredientTest" time="0"/>
  <testcase name="testIngredientConstructor[FILLING: Cheese - 150,5]" classname="praktikum.IngredientTest" time="0"/>
  <testcase name="testIngredientPriceGetter[FILLING: Lettuce - 25]" classname="praktikum.IngredientTest" time="0"/>
  <testcase name="testIngredientTypeGetter[FILLING: Lettuce - 25]" classname="praktikum.IngredientTest" time="0"/>
  <testcase name="testIngredientNameGetter[FILLING: Lettuce - 25]" classname="praktikum.IngredientTest" time="0"/>
  <testcase name="testIngredientConstructor[FILLING: Lettuce - 25]" classname="praktikum.IngredientTest" time="0"/>
</testsuite>